<?xml version="1.0" encoding="UTF-8"?>
<!-- Generated by org.testng.reporters.JUnitXMLReporter -->
<testsuite ignored="0" hostname="LTIN217458" failures="0" tests="19" name="ChromeTest" time="126.011" errors="0" timestamp="2024-02-28T11:21:55 IST">
  <testcase classname="stepDefinations.DisplayDoctors" name="user_present_on_practo_com_website_one" time="2.428"/>
  <testcase classname="stepDefinations.DisplayDoctors" name="user_enters_city_bangalore_in_seachbox" time="0.722"/>
  <testcase classname="stepDefinations.DisplayDoctors" name="user_clicks_on_bangalore_option" time="0.16"/>
  <testcase classname="stepDefinations.DisplayDoctors" name="user_enters_medical_specialist_cardiologist_in_seachbox" time="0.327"/>
  <testcase classname="stepDefinations.DisplayDoctors" name="user_clicks_on_cardiologist_option" time="11.468"/>
  <testcase classname="stepDefinations.DisplayDoctors" name="user_applies_filters" time="6.533"/>
  <testcase classname="stepDefinations.DisplayDoctors" name="user_displays_the_first_five_doctors" time="8.367"/>
  <testcase classname="stepDefinations.DisplaySurgeries" name="user_present_on_practo_com_website" time="0.101"/>
  <testcase classname="stepDefinations.DisplaySurgeries" name="user_clicks_on_surgeries" time="2.743"/>
  <testcase classname="stepDefinations.DisplaySurgeries" name="user_displays_the_surgeries_list" time="2.825"/>
  <testcase classname="stepDefinations.FormValidation" name="user_present_on_practo_com_website_three" time="0.18"/>
  <testcase classname="stepDefinations.FormValidation" name="user_clicks_on_for_corporates" time="0.237"/>
  <testcase classname="stepDefinations.FormValidation" name="user_clicks_on_health_and_wellness_plan" time="7.429"/>
  <testcase classname="stepDefinations.FormValidation" name="user_enters_all_non_email_fields_in_the_form" time="1.911"/>
  <testcase classname="stepDefinations.FormValidation" name="user_enters_invalid_email" time="0.238"/>
  <testcase classname="stepDefinations.FormValidation" name="validate_if_schedule_a_demo_button_is_disabled" time="0.831"/>
  <testcase classname="stepDefinations.FormValidation" name="user_enters_valid_email" time="0.377"/>
  <testcase classname="stepDefinations.FormValidation" name="user_clicks_on_schedule_a_demo_button" time="0.861"/>
  <testcase classname="stepDefinations.FormValidation" name="validate_if_thank_you_message_is_displayed" time="12.982"/>
</testsuite> <!-- ChromeTest -->
