<?xml version="1.0" encoding="UTF-8"?>
<!-- Generated by org.testng.reporters.JUnitXMLReporter -->
<testsuite ignored="6" hostname="LTIN217458" failures="0" tests="19" name="Test" time="80.856" errors="0" timestamp="2024-02-29T17:56:15 IST">
  <testcase classname="stepDefinations.DisplayDoctors" name="user_present_on_practo_com_website_one" time="3.236"/>
  <testcase classname="stepDefinations.DisplayDoctors" name="user_enters_city_bangalore_in_seachbox" time="0.793"/>
  <testcase classname="stepDefinations.DisplayDoctors" name="user_clicks_on_bangalore_option" time="0.235"/>
  <testcase classname="stepDefinations.DisplayDoctors" name="user_enters_medical_specialist_cardiologist_in_seachbox" time="0.187"/>
  <testcase classname="stepDefinations.DisplayDoctors" name="user_clicks_on_cardiologist_option" time="3.713"/>
  <testcase classname="stepDefinations.DisplayDoctors" name="user_applies_filters" time="5.552"/>
  <testcase classname="stepDefinations.DisplayDoctors" name="user_displays_the_first_five_doctors" time="9.798"/>
  <testcase classname="stepDefinations.DisplaySurgeries" name="user_present_on_practo_com_website" time="0.087"/>
  <testcase classname="stepDefinations.DisplaySurgeries" name="user_clicks_on_surgeries" time="2.777"/>
  <testcase classname="stepDefinations.DisplaySurgeries" name="user_displays_the_surgeries_list" time="2.102"/>
  <testcase classname="stepDefinations.FormValidation" name="user_present_on_practo_com_website_three" time="0.03"/>
  <testcase classname="stepDefinations.FormValidation" name="user_clicks_on_for_corporates" time="0.243"/>
  <testcase classname="stepDefinations.FormValidation" name="user_clicks_on_health_and_wellness_plan" time="11.197"/>
  <testcase classname="stepDefinations.FormValidation" name="user_enters_all_non_email_fields_in_the_form" time="2.968"/>
  <testcase classname="stepDefinations.FormValidation" name="user_enters_invalid_email" time="0.279"/>
  <testcase classname="stepDefinations.FormValidation" name="validate_if_schedule_a_demo_button_is_disabled" time="1.039"/>
  <testcase classname="stepDefinations.FormValidation" name="user_enters_valid_email" time="0.67"/>
  <testcase classname="stepDefinations.FormValidation" name="user_clicks_on_schedule_a_demo_button" time="0.823"/>
  <testcase classname="stepDefinations.FormValidation" name="validate_if_thank_you_message_is_displayed" time="0.524"/>
  <testcase classname="stepDefinations.hooks" name="@AfterTest close" time="0.0">
    <ignored/>
  </testcase> <!-- @AfterTest close -->
  <testcase classname="stepDefinations.hooks" name="@BeforeTest setup" time="0.0">
    <ignored/>
  </testcase> <!-- @BeforeTest setup -->
  <testcase classname="stepDefinations.hooks" name="@AfterTest close" time="0.0">
    <ignored/>
  </testcase> <!-- @AfterTest close -->
  <testcase classname="stepDefinations.hooks" name="@AfterTest close" time="0.0">
    <ignored/>
  </testcase> <!-- @AfterTest close -->
  <testcase classname="stepDefinations.hooks" name="@BeforeTest setup" time="0.0">
    <ignored/>
  </testcase> <!-- @BeforeTest setup -->
  <testcase classname="stepDefinations.hooks" name="@BeforeTest setup" time="0.0">
    <ignored/>
  </testcase> <!-- @BeforeTest setup -->
</testsuite> <!-- Test -->
